2022-02-25 09:56:49.3195|INFO|SupportBank.FileReader|Created01/01/2015,Laura B,Sarah T,Misc Morale,10.54
2022-02-25 09:56:49.3764|INFO|SupportBank.FileReader|Created04/01/2015,Stephen S,Gergana I,Lunch,3.22
2022-02-25 09:56:49.3764|INFO|SupportBank.FileReader|Created07/01/2015,Ben B,Jon A,Fantasy Football,9.93
2022-02-25 09:56:49.3827|INFO|SupportBank.FileReader|Created11/01/2015,Ben B,Todd,Lunch,7.33
2022-02-25 09:56:49.3827|INFO|SupportBank.FileReader|Created12/01/2015,Laura B,Ben B,Beers,8.94
2022-02-25 09:56:49.3827|INFO|SupportBank.FileReader|Created15/01/2015,Todd,Rob S,Beers,10.19
2022-02-25 09:56:49.3997|INFO|SupportBank.FileReader|Created16/01/2015,Laura B,Jon A,Lego Assistance,0.69
2022-02-25 09:56:49.3997|INFO|SupportBank.FileReader|Created18/01/2015,Jon A,Sarah T,Coffee,10.73
2022-02-25 09:56:49.3997|INFO|SupportBank.FileReader|Created22/01/2015,Gergana I,Todd,Coffee,0.8
2022-02-25 09:56:49.3997|INFO|SupportBank.FileReader|Created24/01/2015,Gergana I,Chris W,Coffee,8.49
2022-02-25 09:56:49.3997|INFO|SupportBank.FileReader|Created27/01/2015,Laura B,Tim L,Jenkins Fees,0.52
2022-02-25 09:56:49.3997|INFO|SupportBank.FileReader|Created29/01/2015,Sam N,Chris W,Lunch,9.01
2022-02-25 09:56:49.3997|INFO|SupportBank.FileReader|Created01/02/2015,Stephen S,Laura B,Coffee,7.53
2022-02-25 09:56:49.3997|INFO|SupportBank.FileReader|Created02/02/2015,Stephen S,Rob S,Fantasy Football,7.43
2022-02-25 09:56:49.3997|INFO|SupportBank.FileReader|Created04/02/2015,Rob S,Stephen S,Fantasy Football,5.78
2022-02-25 09:56:49.3997|INFO|SupportBank.FileReader|Created06/02/2015,Dan W,Gergana I,Automated Testing Services,10.29
2022-02-25 09:56:49.3997|INFO|SupportBank.FileReader|Created07/02/2015,Jon A,Chris W,Rails Consultancy,7.37
2022-02-25 09:56:49.3997|INFO|SupportBank.FileReader|Created10/02/2015,Sam N,Gergana I,Sandbox Help,9.84
2022-02-25 09:56:49.3997|INFO|SupportBank.FileReader|Created11/02/2015,Chris W,Stephen S,Misc Morale,0.68
2022-02-25 09:56:49.3997|INFO|SupportBank.FileReader|Created13/02/2015,Laura B,Gergana I,Beers,6.56
2022-02-25 09:56:49.3997|INFO|SupportBank.FileReader|Created16/02/2015,Chris W,Dan W,Jenkins Fees,1.28
2022-02-25 09:56:49.3997|INFO|SupportBank.FileReader|Created17/02/2015,Sarah T,Dan W,Sandbox Help,11.48
2022-02-25 09:56:49.3997|INFO|SupportBank.FileReader|Created18/02/2015,Stephen S,Rob S,Lego Assistance,4.83
2022-02-25 09:56:49.3997|INFO|SupportBank.FileReader|Created21/02/2015,Dan W,Ben B,Pokemon Training,0.5
2022-02-25 09:56:49.4151|INFO|SupportBank.FileReader|Created24/02/2015,Todd,Gergana I,Coffee,9.08
2022-02-25 09:56:49.4151|INFO|SupportBank.FileReader|Created26/02/2015,Stephen S,Jon A,Pokemon Training,4.23
2022-02-25 09:56:49.4353|INFO|SupportBank.FileReader|Unable to parse Line 28
2022-02-25 09:57:44.3711|INFO|SupportBank.FileReader|Created01/01/2015,Laura B,Sarah T,Misc Morale,10.54
2022-02-25 09:57:44.4217|INFO|SupportBank.FileReader|Created04/01/2015,Stephen S,Gergana I,Lunch,3.22
2022-02-25 09:57:44.4217|INFO|SupportBank.FileReader|Created07/01/2015,Ben B,Jon A,Fantasy Football,9.93
2022-02-25 09:57:44.4323|INFO|SupportBank.FileReader|Created11/01/2015,Ben B,Todd,Lunch,7.33
2022-02-25 09:57:44.4323|INFO|SupportBank.FileReader|Created12/01/2015,Laura B,Ben B,Beers,8.94
2022-02-25 09:57:44.4323|INFO|SupportBank.FileReader|Created15/01/2015,Todd,Rob S,Beers,10.19
2022-02-25 09:57:44.4323|INFO|SupportBank.FileReader|Created16/01/2015,Laura B,Jon A,Lego Assistance,0.69
2022-02-25 09:57:44.4323|INFO|SupportBank.FileReader|Created18/01/2015,Jon A,Sarah T,Coffee,10.73
2022-02-25 09:57:44.4323|INFO|SupportBank.FileReader|Created22/01/2015,Gergana I,Todd,Coffee,0.8
2022-02-25 09:57:44.4323|INFO|SupportBank.FileReader|Created24/01/2015,Gergana I,Chris W,Coffee,8.49
2022-02-25 09:57:44.4477|INFO|SupportBank.FileReader|Created27/01/2015,Laura B,Tim L,Jenkins Fees,0.52
2022-02-25 09:57:44.4477|INFO|SupportBank.FileReader|Created29/01/2015,Sam N,Chris W,Lunch,9.01
2022-02-25 09:57:44.4477|INFO|SupportBank.FileReader|Created01/02/2015,Stephen S,Laura B,Coffee,7.53
2022-02-25 09:57:44.4477|INFO|SupportBank.FileReader|Created02/02/2015,Stephen S,Rob S,Fantasy Football,7.43
2022-02-25 09:57:44.4477|INFO|SupportBank.FileReader|Created04/02/2015,Rob S,Stephen S,Fantasy Football,5.78
2022-02-25 09:57:44.4477|INFO|SupportBank.FileReader|Created06/02/2015,Dan W,Gergana I,Automated Testing Services,10.29
2022-02-25 09:57:44.4477|INFO|SupportBank.FileReader|Created07/02/2015,Jon A,Chris W,Rails Consultancy,7.37
2022-02-25 09:57:44.4629|INFO|SupportBank.FileReader|Created10/02/2015,Sam N,Gergana I,Sandbox Help,9.84
2022-02-25 09:57:44.4629|INFO|SupportBank.FileReader|Created11/02/2015,Chris W,Stephen S,Misc Morale,0.68
2022-02-25 09:57:44.4629|INFO|SupportBank.FileReader|Created13/02/2015,Laura B,Gergana I,Beers,6.56
2022-02-25 09:57:44.4629|INFO|SupportBank.FileReader|Created16/02/2015,Chris W,Dan W,Jenkins Fees,1.28
2022-02-25 09:57:44.4629|INFO|SupportBank.FileReader|Created17/02/2015,Sarah T,Dan W,Sandbox Help,11.48
2022-02-25 09:57:44.4629|INFO|SupportBank.FileReader|Created18/02/2015,Stephen S,Rob S,Lego Assistance,4.83
2022-02-25 09:57:44.4629|INFO|SupportBank.FileReader|Created21/02/2015,Dan W,Ben B,Pokemon Training,0.5
2022-02-25 09:57:44.4629|INFO|SupportBank.FileReader|Created24/02/2015,Todd,Gergana I,Coffee,9.08
2022-02-25 09:57:44.4629|INFO|SupportBank.FileReader|Created26/02/2015,Stephen S,Jon A,Pokemon Training,4.23
2022-02-25 09:57:44.4863|INFO|SupportBank.FileReader|Unable to parse Line 28
2022-02-25 09:57:44.5142|INFO|SupportBank.FileReader|Created01/03/2015,Ben B,Sam N,Lunch,One Cheeseburger
2022-02-25 09:57:44.5142|INFO|SupportBank.FileReader|Created02/03/2015,Todd,Chris W,Sandbox Help,1.92
2022-02-25 09:57:44.5142|INFO|SupportBank.FileReader|Created04/03/2015,Laura B,Jon A,Sandcastle Help,9.09
2022-02-25 09:57:44.5142|INFO|SupportBank.FileReader|Created06/03/2015,Stephen S,Gergana I,Lego Assistance,9.4
2022-02-25 09:57:44.5142|INFO|SupportBank.FileReader|Created08/03/2015,Ben B,Sam N,Pokemon Training,11.32
2022-02-25 09:57:44.5142|INFO|SupportBank.FileReader|Created11/03/2015,Stephen S,Jon A,Sandcastle Help,11.57
2022-02-25 09:57:44.5142|INFO|SupportBank.FileReader|Created15/03/2015,Todd,Sam N,Pokemon Training,2.29
2022-02-25 09:57:44.5142|INFO|SupportBank.FileReader|Created19/03/2015,Laura B,Chris W,Coffee,9.96
2022-02-25 09:57:44.5142|INFO|SupportBank.FileReader|Created21/03/2015,Jon A,Gergana I,Beers,7.54
2022-02-25 09:57:44.5142|INFO|SupportBank.FileReader|Created25/03/2015,Gergana I,Ben B,Automated Testing Services,2.39
2022-02-25 09:57:44.5142|INFO|SupportBank.FileReader|Created28/03/2015,Stephen S,Tim L,Lunch,5.83
2022-02-25 09:57:44.5142|INFO|SupportBank.FileReader|Created29/03/2015,Gergana I,Ben B,Audit and Other Financial Services,10.85
2022-02-25 09:57:44.5142|INFO|SupportBank.FileReader|Created30/03/2015,Tim L,Todd,Pokemon Training,8.6
2022-02-25 09:57:44.5142|INFO|SupportBank.FileReader|Created02/04/2015,Stephen S,Chris W,Pokemon Training,1.11
2022-02-25 09:57:44.5243|INFO|SupportBank.FileReader|Created05/04/2015,Chris W,Ben B,Lunch,0.96
2022-02-25 09:57:44.5243|INFO|SupportBank.FileReader|Created09/04/2015,Chris W,Rob S,Audit and Other Financial Services,11.79
2022-02-25 09:57:44.5243|INFO|SupportBank.FileReader|Created12/04/2015,Gergana I,Laura B,Stationary Items,8.37
2022-02-25 09:57:44.5243|INFO|SupportBank.FileReader|Created13/04/2015,Laura B,Tim L,Services Rendered,1.27
2022-02-25 09:57:44.5243|INFO|SupportBank.FileReader|Created15/04/2015,Ben B,Sam N,Lego Assistance,8.5
2022-02-25 09:57:44.5243|INFO|SupportBank.FileReader|Created19/04/2015,Stephen S,Chris W,White Water Rafting,8.91
2022-02-25 09:57:44.5243|INFO|SupportBank.FileReader|Created23/04/2015,Tim L,Todd,Misc Morale,8.1
2022-02-25 09:57:44.5243|INFO|SupportBank.FileReader|Created24/04/2015,Tim L,Sarah T,Arcade Social,6.38
2022-02-25 09:57:44.5243|INFO|SupportBank.FileReader|Created26/04/2015,Jon A,Todd,Stationary Items,8.44
2022-02-25 09:57:44.5243|INFO|SupportBank.FileReader|Created27/04/2015,Ben B,Jon A,Pokemon Training,10.91
2022-02-25 09:57:44.5243|INFO|SupportBank.FileReader|Unable to parse Line 52
2022-02-25 09:57:44.5243|INFO|SupportBank.FileReader|CreatedLast Thursday,Sarah T,Dan W,Beers,5.42
